Build started 2019/12/23 下午7:57:43.
     1>Project "\\Mac\Home\books\train\Rootkit-saudi\labs\keyboardHook\keyHook\keyHook.vcxproj" on node 2 (Rebuild target(s)).
     1>ClCompile:
         C:\Program Files (x86)\Microsoft Visual Studio 12.0\VC\bin\x86_amd64\CL.exe /c /Zi /nologo /W3 /WX- /O2 /Oi /GL /D WIN32 /D NDEBUG /D _WINDOWS /D _USRDLL /D KEYHOOK_EXPORTS /D _USING_V110_SDK71_ /D _WINDLL /D _MBCS /Gm- /EHsc /MT /GS /Gy /fp:precise /Zc:wchar_t /Zc:forScope /Yc"stdafx.h" /Fp"x64\Release-64\keyHook.pch" /Fo"x64\Release-64\\" /Fd"x64\Release-64\vc120.pdb" /Gd /TP /errorReport:prompt stdafx.cpp
         stdafx.cpp
     1>stdafx.cpp(18): warning C4267: 'initializing' : conversion from 'size_t' to 'int', possible loss of data
     1>stdafx.cpp(21): warning C4267: '=' : conversion from 'size_t' to 'int', possible loss of data
         C:\Program Files (x86)\Microsoft Visual Studio 12.0\VC\bin\x86_amd64\CL.exe /c /Zi /nologo /W3 /WX- /O2 /Oi /GL /D WIN32 /D NDEBUG /D _WINDOWS /D _USRDLL /D KEYHOOK_EXPORTS /D _USING_V110_SDK71_ /D _WINDLL /D _MBCS /Gm- /EHsc /MT /GS /Gy /fp:precise /Zc:wchar_t /Zc:forScope /Fo"x64\Release-64\\" /Fd"x64\Release-64\vc120.pdb" /Gd /TP /errorReport:prompt dllmain.cpp
         dllmain.cpp
     1>dllmain.cpp(17): warning C4267: 'initializing' : conversion from 'size_t' to 'int', possible loss of data
         C:\Program Files (x86)\Microsoft Visual Studio 12.0\VC\bin\x86_amd64\CL.exe /c /Zi /nologo /W3 /WX- /O2 /Oi /GL /D WIN32 /D NDEBUG /D _WINDOWS /D _USRDLL /D KEYHOOK_EXPORTS /D _USING_V110_SDK71_ /D _WINDLL /D _MBCS /Gm- /EHsc /MT /GS /Gy /fp:precise /Zc:wchar_t /Zc:forScope /Yu"stdafx.h" /Fp"x64\Release-64\keyHook.pch" /Fo"x64\Release-64\\" /Fd"x64\Release-64\vc120.pdb" /Gd /TP /errorReport:prompt keyHook.cpp
         keyHook.cpp
     1>keyHook.cpp(95): warning C4244: 'initializing' : conversion from 'LRESULT' to 'HRESULT', possible loss of data
     1>keyHook.cpp(113): warning C4996: 'fopen': This function or variable may be unsafe. Consider using fopen_s instead. To disable deprecation, use _CRT_SECURE_NO_WARNINGS. See online help for details.
                 C:\Program Files (x86)\Microsoft Visual Studio 12.0\VC\include\stdio.h(211) : see declaration of 'fopen'
     1>keyHook.cpp(137): warning C4267: 'initializing' : conversion from 'size_t' to 'int', possible loss of data
       Link:
         C:\Program Files (x86)\Microsoft Visual Studio 12.0\VC\bin\x86_amd64\link.exe /ERRORREPORT:PROMPT /OUT:"\\Mac\Home\books\train\Rootkit-saudi\labs\keyboardHook\x64\Release-64\keyHook.dll" /INCREMENTAL:NO /NOLOGO kernel32.lib user32.lib gdi32.lib winspool.lib comdlg32.lib advapi32.lib shell32.lib ole32.lib oleaut32.lib uuid.lib odbc32.lib odbccp32.lib /MANIFEST /MANIFESTUAC:"level='asInvoker' uiAccess='false'" /manifest:embed /DEBUG /PDB:"\\Mac\Home\books\train\Rootkit-saudi\labs\keyboardHook\x64\Release-64\keyHook.pdb" /SUBSYSTEM:WINDOWS,"5.02" /OPT:REF /OPT:ICF /LTCG /TLBID:1 /DYNAMICBASE /NXCOMPAT /IMPLIB:"\\Mac\Home\books\train\Rootkit-saudi\labs\keyboardHook\x64\Release-64\keyHook.lib" /MACHINE:X64 /DLL "x64\Release-64\dllmain.obj"
         "x64\Release-64\keyHook.obj"
         "x64\Release-64\stdafx.obj"
            Creating library \\Mac\Home\books\train\Rootkit-saudi\labs\keyboardHook\x64\Release-64\keyHook.lib and object \\Mac\Home\books\train\Rootkit-saudi\labs\keyboardHook\x64\Release-64\keyHook.exp
         Generating code
         Finished generating code
         keyHook.vcxproj -> \\Mac\Home\books\train\Rootkit-saudi\labs\keyboardHook\x64\Release-64\keyHook.dll
     1>Done Building Project "\\Mac\Home\books\train\Rootkit-saudi\labs\keyboardHook\keyHook\keyHook.vcxproj" (Rebuild target(s)).

Build succeeded.

Time Elapsed 00:00:09.45
